2022-05-14 16:46:17 INFO     ARGS:{'g': 1, 'd': 'length', 'ap': 0, 'p': 'length', 'indicator': 0, 'cur': 1, 'amg': 0, 'mis': 0, 'checkpl': 0, 'vd': 1, 'ft': 1.0, 'alpha': 10, 'testfilename': 'best', 'check_acc_p': 0, 'batch_size': 64, 'verbose': 1, 'lar': 0, 'subtitution_percent': 1, 'random_batch': 5000, 'buffer_size': 9000, 'sample_walk_check': 0, 'sample_starting_number': 0}
2022-05-14 16:46:17 INFO     Begin generating data with length as head predicate.
2022-05-14 16:46:30 INFO     ARGS:{'g': 0, 'd': 'length', 'ap': 0, 'p': 'length', 'indicator': 0, 'cur': 1, 'amg': 0, 'mis': 0, 'checkpl': 0, 'vd': 1, 'ft': 1.0, 'alpha': 10, 'testfilename': 'best', 'check_acc_p': 0, 'batch_size': 64, 'verbose': 1, 'lar': 0, 'subtitution_percent': 1, 'random_batch': 5000, 'buffer_size': 9000, 'sample_walk_check': 0, 'sample_starting_number': 0}
2022-05-14 16:47:18 INFO     Assets written to: NLP/length/result/length/model/assets
2022-05-14 16:47:43 INFO     ARGS:{'g': 1, 'd': 'length', 'ap': 0, 'p': 'length', 'indicator': 0, 'cur': 1, 'amg': 0, 'mis': 0, 'checkpl': 0, 'vd': 1, 'ft': 1.0, 'alpha': 10, 'testfilename': 'best', 'check_acc_p': 0, 'batch_size': 64, 'verbose': 1, 'lar': 0, 'subtitution_percent': 1, 'random_batch': 5000, 'buffer_size': 9000, 'sample_walk_check': 0, 'sample_starting_number': 0}
2022-05-14 16:47:43 INFO     Begin generating data with length as head predicate.
2022-05-14 16:47:43 INFO     129 (valid)/(all) 144
2022-05-14 16:47:43 INFO     Generate all trainable data success with variable depth:
2022-05-14 16:47:43 INFO     1
2022-05-14 16:48:56 INFO     Assets written to: NLP/length/result/length/model/assets
2022-05-14 16:48:58 INFO     The accuracy from training target predicate
2022-05-14 16:48:58 INFO     0.0
2022-05-14 16:49:56 INFO     Assets written to: NLP/length/result/length/model/assets
2022-05-14 16:49:57 INFO     The accuracy from training target predicate
2022-05-14 16:49:57 INFO     0.0
2022-05-14 16:50:43 INFO     Assets written to: NLP/length/result/length/model/assets
2022-05-14 16:50:44 INFO     The accuracy from training target predicate
2022-05-14 16:50:44 INFO     0.0
2022-05-14 16:52:11 INFO     Assets written to: NLP/length/result/length/model/assets
2022-05-14 16:52:12 INFO     The accuracy from training target predicate
2022-05-14 16:52:12 INFO     0.0
2022-05-14 16:52:54 INFO     Assets written to: NLP/length/result/length/model/assets
2022-05-14 16:52:55 INFO     The accuracy from training target predicate
2022-05-14 16:52:55 INFO     0.0
2022-05-14 16:52:55 INFO     Finish Training.
2022-05-14 16:53:09 INFO     ARGS:{'g': 0, 'd': 'length', 'ap': 0, 'p': 'length', 'indicator': 0, 'cur': 1, 'amg': 0, 'mis': 0, 'checkpl': 0, 'vd': 1, 'ft': 1.0, 'alpha': 10, 'testfilename': 'best', 'check_acc_p': 0, 'batch_size': 64, 'verbose': 1, 'lar': 0, 'subtitution_percent': 1, 'random_batch': 5000, 'buffer_size': 9000, 'sample_walk_check': 0, 'sample_starting_number': 0}
2022-05-14 16:54:11 INFO     ARGS:{'g': 0, 'd': 'length', 'ap': 0, 'p': 'length', 'indicator': 0, 'cur': 1, 'amg': 0, 'mis': 0, 'checkpl': 0, 'vd': 1, 'ft': 1.0, 'alpha': 10, 'testfilename': 'best', 'check_acc_p': 0, 'batch_size': 64, 'verbose': 1, 'lar': 0, 'subtitution_percent': 1, 'random_batch': 5000, 'buffer_size': 9000, 'sample_walk_check': 0, 'sample_starting_number': 0}
2022-05-14 16:54:55 INFO     Assets written to: NLP/length/result/length/model/assets
2022-05-14 16:54:57 INFO     The accuracy from training target predicate
2022-05-14 16:54:57 INFO     0.0
2022-05-14 16:56:23 INFO     Assets written to: NLP/length/result/length/model/assets
2022-05-14 16:56:24 INFO     The accuracy from training target predicate
2022-05-14 16:56:24 INFO     0.0
2022-05-14 16:57:57 INFO     Assets written to: NLP/length/result/length/model/assets
2022-05-14 16:57:58 INFO     The accuracy from training target predicate
2022-05-14 16:57:58 INFO     0.0
2022-05-14 16:58:34 INFO     ARGS:{'g': 1, 'd': 'length', 'ap': 0, 'p': 'length', 'indicator': 0, 'cur': 1, 'amg': 0, 'mis': 0, 'checkpl': 0, 'vd': 2, 'ft': 1.0, 'alpha': 10, 'testfilename': 'best', 'check_acc_p': 0, 'batch_size': 64, 'verbose': 1, 'lar': 0, 'subtitution_percent': 1, 'random_batch': 5000, 'buffer_size': 9000, 'sample_walk_check': 0, 'sample_starting_number': 0}
2022-05-14 16:58:34 INFO     Begin generating data with length as head predicate.
2022-05-14 16:58:34 INFO     1261 (valid)/(all) 1296
2022-05-14 16:58:34 INFO     Generate all trainable data success with variable depth:
2022-05-14 16:58:34 INFO     2
2022-05-14 16:59:17 INFO     Assets written to: NLP/length/result/length/model/assets
2022-05-14 16:59:19 INFO     The accuracy from training target predicate
2022-05-14 16:59:19 INFO     0.0
2022-05-14 16:59:52 INFO     Assets written to: NLP/length/result/length/model/assets
2022-05-14 16:59:54 INFO     The accuracy from training target predicate
2022-05-14 16:59:54 INFO     0.0
2022-05-14 17:00:30 INFO     Assets written to: NLP/length/result/length/model/assets
2022-05-14 17:00:32 INFO     The accuracy from training target predicate
2022-05-14 17:00:32 INFO     0.0
2022-05-14 17:01:15 INFO     Assets written to: NLP/length/result/length/model/assets
2022-05-14 17:01:17 INFO     The accuracy from training target predicate
2022-05-14 17:01:17 INFO     0.0
2022-05-14 17:01:47 INFO     Assets written to: NLP/length/result/length/model/assets
2022-05-14 17:01:48 INFO     The accuracy from training target predicate
2022-05-14 17:01:48 INFO     0.0
2022-05-14 17:01:48 INFO     Finish Training.
2022-05-14 17:02:59 INFO     ARGS:{'g': 0, 'd': 'length', 'ap': 0, 'p': 'length', 'indicator': 0, 'cur': 1, 'amg': 0, 'mis': 0, 'checkpl': 0, 'vd': 2, 'ft': 1.0, 'alpha': 10, 'testfilename': 'best', 'check_acc_p': 0, 'batch_size': 64, 'verbose': 1, 'lar': 0, 'subtitution_percent': 1, 'random_batch': 5000, 'buffer_size': 9000, 'sample_walk_check': 0, 'sample_starting_number': 0}
2022-05-14 17:03:42 INFO     Assets written to: NLP/length/result/length/model/assets
2022-05-14 17:03:44 INFO     The accuracy from training target predicate
2022-05-14 17:03:44 INFO     0.0
2022-05-14 17:04:07 INFO     Assets written to: NLP/length/result/length/model/assets
2022-05-14 17:04:09 INFO     The accuracy from training target predicate
2022-05-14 17:04:09 INFO     0.0
2022-05-14 17:04:51 INFO     Assets written to: NLP/length/result/length/model/assets
2022-05-14 17:04:52 INFO     The accuracy from training target predicate
2022-05-14 17:04:52 INFO     0.0
2022-05-14 17:05:30 INFO     Assets written to: NLP/length/result/length/model/assets
2022-05-14 17:05:31 INFO     The accuracy from training target predicate
2022-05-14 17:05:31 INFO     0.0
2022-05-14 17:06:15 INFO     Assets written to: NLP/length/result/length/model/assets
2022-05-14 17:06:16 INFO     The accuracy from training target predicate
2022-05-14 17:06:16 INFO     0.0
2022-05-14 17:06:16 INFO     Finish Training.
2022-05-14 17:07:07 INFO     ARGS:{'g': 0, 'd': 'length', 'ap': 0, 'p': 'length', 'indicator': 0, 'cur': 1, 'amg': 0, 'mis': 0, 'checkpl': 0, 'vd': 2, 'ft': 1.0, 'alpha': 10, 'testfilename': 'best', 'check_acc_p': 0, 'batch_size': 64, 'verbose': 1, 'lar': 0, 'subtitution_percent': 1, 'random_batch': 5000, 'buffer_size': 9000, 'sample_walk_check': 0, 'sample_starting_number': 0}
2022-05-14 17:07:21 INFO     Assets written to: NLP/length/result/length/model/assets
2022-05-14 17:07:23 INFO     The accuracy from training target predicate
2022-05-14 17:07:23 INFO     0.0
2022-05-14 17:07:38 INFO     Assets written to: NLP/length/result/length/model/assets
2022-05-14 17:07:40 INFO     The accuracy from training target predicate
2022-05-14 17:07:40 INFO     0.0
2022-05-14 17:07:52 INFO     Assets written to: NLP/length/result/length/model/assets
2022-05-14 17:07:54 INFO     The accuracy from training target predicate
2022-05-14 17:07:54 INFO     0.0
2022-05-14 17:08:08 INFO     Assets written to: NLP/length/result/length/model/assets
2022-05-14 17:08:09 INFO     The accuracy from training target predicate
2022-05-14 17:08:09 INFO     0.0
2022-05-14 17:08:22 INFO     Assets written to: NLP/length/result/length/model/assets
2022-05-14 17:08:24 INFO     The accuracy from training target predicate
2022-05-14 17:08:24 INFO     0.0
2022-05-14 17:08:24 INFO     Finish Training.
2022-05-14 17:09:11 INFO     ARGS:{'g': 1, 'd': 'length', 'ap': 0, 'p': 'length', 'indicator': 0, 'cur': 1, 'amg': 0, 'mis': 0, 'checkpl': 0, 'vd': 2, 'ft': 1.0, 'alpha': 10, 'testfilename': 'best', 'check_acc_p': 0, 'batch_size': 128, 'verbose': 1, 'lar': 1, 'subtitution_percent': 1, 'random_batch': 5000, 'buffer_size': 9000, 'sample_walk_check': 0, 'sample_starting_number': 0}
2022-05-14 17:09:11 INFO     Begin generating data with length as head predicate.
2022-05-14 17:09:11 INFO     Check Valid Predicate in subsample manner
2022-05-14 17:09:11 INFO     The number of substitutation are calculated in subsample manner:
2022-05-14 17:09:11 INFO     1296
2022-05-14 17:09:11 INFO     Valid predicare index are
2022-05-14 17:09:11 INFO     [4, 5, 7, 8, 10, 11, 13, 14, 18, 20, 21, 23, 25, 26, 31, 32, 34, 35]
2022-05-14 17:09:11 INFO     Valid template
2022-05-14 17:09:11 INFO     {0: [4, 5, 7, 8, 10, 11], 1: [1, 2, 6, 8, 9, 11], 2: [1, 2, 7, 8, 10, 11]}
2022-05-14 17:09:11 INFO     Check Valid Predicate Success
2022-05-14 17:09:11 INFO     1261 (valid)/(all) 1296
2022-05-14 17:09:11 INFO     Generate all trainable data success with variable depth:
2022-05-14 17:09:11 INFO     2
2022-05-14 17:09:30 INFO     Assets written to: NLP/length/result/length/model/assets
2022-05-14 17:09:32 INFO     The accuracy from training target predicate
2022-05-14 17:09:32 INFO     0.0
2022-05-14 17:09:47 INFO     Assets written to: NLP/length/result/length/model/assets
2022-05-14 17:09:48 INFO     The accuracy from training target predicate
2022-05-14 17:09:48 INFO     0.0
2022-05-14 17:10:01 INFO     Assets written to: NLP/length/result/length/model/assets
2022-05-14 17:10:02 INFO     The accuracy from training target predicate
2022-05-14 17:10:02 INFO     0.0
2022-05-14 17:10:16 INFO     Assets written to: NLP/length/result/length/model/assets
2022-05-14 17:10:17 INFO     The accuracy from training target predicate
2022-05-14 17:10:17 INFO     0.0
2022-05-14 17:10:52 INFO     ARGS:{'g': 1, 'd': 'length', 'ap': 0, 'p': 'length', 'indicator': 0, 'cur': 1, 'amg': 0, 'mis': 0, 'checkpl': 0, 'vd': 2, 'ft': 1.0, 'alpha': 10, 'testfilename': 'best', 'check_acc_p': 0, 'batch_size': 64, 'verbose': 1, 'lar': 0, 'subtitution_percent': 1, 'random_batch': 5000, 'buffer_size': 9000, 'sample_walk_check': 0, 'sample_starting_number': 0}
2022-05-14 17:10:52 INFO     Begin generating data with length as head predicate.
2022-05-14 17:10:53 INFO     21940 (valid)/(all) 23104
2022-05-14 17:10:53 INFO     Generate all trainable data success with variable depth:
2022-05-14 17:10:53 INFO     2
2022-05-14 17:11:49 INFO     Assets written to: NLP/length/result/length/model/assets
2022-05-14 17:11:51 INFO     The accuracy from training target predicate
2022-05-14 17:11:51 INFO     0.0
2022-05-14 17:12:34 INFO     Assets written to: NLP/length/result/length/model/assets
2022-05-14 17:12:35 INFO     The accuracy from training target predicate
2022-05-14 17:12:35 INFO     0.0
2022-05-14 17:13:02 INFO     Assets written to: NLP/length/result/length/model/assets
2022-05-14 17:13:05 INFO     The accuracy from training target predicate
2022-05-14 17:13:05 INFO     0.0
2022-05-14 17:13:44 INFO     Assets written to: NLP/length/result/length/model/assets
2022-05-14 17:13:46 INFO     The accuracy from training target predicate
2022-05-14 17:13:46 INFO     0.0
2022-05-14 17:14:23 INFO     Assets written to: NLP/length/result/length/model/assets
2022-05-14 17:14:24 INFO     The accuracy from training target predicate
2022-05-14 17:14:24 INFO     0.0
2022-05-14 17:14:24 INFO     Finish Training.
2022-05-14 17:14:35 INFO     ARGS:{'g': 0, 'd': 'length', 'ap': 0, 'p': 'length', 'indicator': 0, 'cur': 1, 'amg': 0, 'mis': 0, 'checkpl': 0, 'vd': 2, 'ft': 1.0, 'alpha': 10, 'testfilename': 'best', 'check_acc_p': 0, 'batch_size': 64, 'verbose': 1, 'lar': 0, 'subtitution_percent': 1, 'random_batch': 5000, 'buffer_size': 9000, 'sample_walk_check': 0, 'sample_starting_number': 0, 'learning_rate': 0.001}
2022-05-14 17:15:17 INFO     Assets written to: NLP/length/result/length/model/assets
2022-05-14 17:15:19 INFO     The accuracy from training target predicate
2022-05-14 17:15:19 INFO     0.0
2022-05-14 17:15:53 INFO     Assets written to: NLP/length/result/length/model/assets
2022-05-14 17:15:55 INFO     The accuracy from training target predicate
2022-05-14 17:15:55 INFO     0.0
2022-05-14 17:16:27 INFO     Assets written to: NLP/length/result/length/model/assets
2022-05-14 17:16:29 INFO     The accuracy from training target predicate
2022-05-14 17:16:29 INFO     0.0
2022-05-14 17:17:11 INFO     Assets written to: NLP/length/result/length/model/assets
2022-05-14 17:17:13 INFO     The accuracy from training target predicate
2022-05-14 17:17:13 INFO     0.0
2022-05-14 17:17:41 INFO     Assets written to: NLP/length/result/length/model/assets
2022-05-14 17:17:43 INFO     The accuracy from training target predicate
2022-05-14 17:17:43 INFO     0.0
2022-05-14 17:17:43 INFO     Finish Training.
2022-05-14 17:18:51 INFO     ARGS:{'g': 1, 'd': 'length', 'ap': 0, 'p': 'length', 'indicator': 0, 'cur': 1, 'amg': 0, 'mis': 0, 'checkpl': 0, 'vd': 2, 'ft': 1.0, 'alpha': 10, 'testfilename': 'best', 'check_acc_p': 0, 'batch_size': 64, 'verbose': 1, 'lar': 0, 'subtitution_percent': 1, 'random_batch': 5000, 'buffer_size': 9000, 'sample_walk_check': 0, 'sample_starting_number': 0, 'learning_rate': 0.001}
2022-05-14 17:18:51 INFO     Begin generating data with length as head predicate.
2022-05-14 17:18:54 INFO     42139 (valid)/(all) 44100
2022-05-14 17:18:54 INFO     Generate all trainable data success with variable depth:
2022-05-14 17:18:54 INFO     2
2022-05-14 17:19:24 INFO     Assets written to: NLP/length/result/length/model/assets
2022-05-14 17:19:27 INFO     The accuracy from training target predicate
2022-05-14 17:19:27 INFO     0.0
2022-05-14 17:19:55 INFO     Assets written to: NLP/length/result/length/model/assets
2022-05-14 17:19:57 INFO     The accuracy from training target predicate
2022-05-14 17:19:57 INFO     0.0
2022-05-14 17:20:47 INFO     Assets written to: NLP/length/result/length/model/assets
2022-05-14 17:20:49 INFO     The accuracy from training target predicate
2022-05-14 17:20:49 INFO     0.0
2022-05-14 17:22:17 INFO     Assets written to: NLP/length/result/length/model/assets
2022-05-14 17:22:18 INFO     The accuracy from training target predicate
2022-05-14 17:22:18 INFO     0.0
2022-05-14 17:23:00 INFO     Assets written to: NLP/length/result/length/model/assets
2022-05-14 17:23:02 INFO     The accuracy from training target predicate
2022-05-14 17:23:02 INFO     0.0
2022-05-14 17:23:02 INFO     Finish Training.
